# JRE version: Java(TM) SE Runtime Environment (24.0.1+9) (build 24.0.1+9-30)
# Java VM: Java HotSpot(TM) 64-Bit Server VM (24.0.1+9-30, mixed mode, sharing, tiered, compressed oops, compressed class ptrs, g1 gc, windows-amd64)
GC Precious Log:
 CardTable entry size: 512
 Card Set container configuration: InlinePtr #cards 5 size 8 Array Of Cards #cards 10 size 36 Howl #buckets 4 coarsen threshold 1843 Howl Bitmap #cards 512 size 80 coarsen threshold 460 Card regions per heap region 1 cards per card region 2048
 CPUs: 8 total, 8 available
 Memory: 8109M
 Large Page Support: Disabled
 NUMA Support: Disabled
 Compressed Oops: Enabled (32-bit)
 Heap Region Size: 1M
 Heap Min Capacity: 8M
 Heap Initial Capacity: 128M
 Heap Max Capacity: 2028M
 Pre-touch: Disabled
 Parallel Workers: 8
 Concurrent Workers: 2
 Concurrent Refinement Workers: 8
 Periodic GC: Disabled
Heap:
 garbage-first heap   total reserved 2076672K, committed 153600K, used 126546K [0x0000000081400000, 0x0000000100000000)
  region size 1024K, 34 young (34816K), 5 survivors (5120K)
 Metaspace       used 36484K, committed 36864K, reserved 1114112K
  class space    used 4238K, committed 4416K, reserved 1048576K
GC Heap History (20 events):
Event: 321.277 GC heap before
{Heap before GC invocations=28 (full 0):
 garbage-first heap   total reserved 2076672K, committed 107520K, used 94208K [0x0000000081400000, 0x0000000100000000)
  region size 1024K, 27 young (27648K), 3 survivors (3072K)
 Metaspace       used 35365K, committed 35776K, reserved 1114112K
  class space    used 4214K, committed 4416K, reserved 1048576K
}
Event: 321.287 GC heap after
{Heap after GC invocations=29 (full 0):
 garbage-first heap   total reserved 2076672K, committed 107520K, used 63927K [0x0000000081400000, 0x0000000100000000)
  region size 1024K, 4 young (4096K), 4 survivors (4096K)
 Metaspace       used 35365K, committed 35776K, reserved 1114112K
  class space    used 4214K, committed 4416K, reserved 1048576K
}
Event: 329.729 GC heap before
{Heap before GC invocations=29 (full 0):
 garbage-first heap   total reserved 2076672K, committed 107520K, used 91575K [0x0000000081400000, 0x0000000100000000)
  region size 1024K, 31 young (31744K), 4 survivors (4096K)
 Metaspace       used 35443K, committed 35904K, reserved 1114112K
  class space    used 4214K, committed 4416K, reserved 1048576K
}
Event: 329.766 GC heap after
{Heap after GC invocations=30 (full 0):
 garbage-first heap   total reserved 2076672K, committed 107520K, used 71355K [0x0000000081400000, 0x0000000100000000)
  region size 1024K, 4 young (4096K), 4 survivors (4096K)
 Metaspace       used 35443K, committed 35904K, reserved 1114112K
  class space    used 4214K, committed 4416K, reserved 1048576K
}
Event: 334.432 GC heap before
{Heap before GC invocations=30 (full 0):
 garbage-first heap   total reserved 2076672K, committed 107520K, used 73403K [0x0000000081400000, 0x0000000100000000)
  region size 1024K, 7 young (7168K), 4 survivors (4096K)
 Metaspace       used 35455K, committed 35904K, reserved 1114112K
  class space    used 4214K, committed 4416K, reserved 1048576K
}
Event: 334.450 GC heap after
{Heap after GC invocations=31 (full 0):
 garbage-first heap   total reserved 2076672K, committed 107520K, used 72346K [0x0000000081400000, 0x0000000100000000)
  region size 1024K, 1 young (1024K), 1 survivors (1024K)
 Metaspace       used 35455K, committed 35904K, reserved 1114112K
  class space    used 4214K, committed 4416K, reserved 1048576K
}
Event: 350.701 GC heap before
{Heap before GC invocations=32 (full 0):
 garbage-first heap   total reserved 2076672K, committed 122880K, used 99994K [0x0000000081400000, 0x0000000100000000)
  region size 1024K, 23 young (23552K), 1 survivors (1024K)
 Metaspace       used 35569K, committed 35968K, reserved 1114112K
  class space    used 4225K, committed 4416K, reserved 1048576K
}
Event: 350.707 GC heap after
{Heap after GC invocations=33 (full 0):
 garbage-first heap   total reserved 2076672K, committed 122880K, used 75056K [0x0000000081400000, 0x0000000100000000)
  region size 1024K, 3 young (3072K), 3 survivors (3072K)
 Metaspace       used 35569K, committed 35968K, reserved 1114112K
  class space    used 4225K, committed 4416K, reserved 1048576K
}
Event: 361.733 GC heap before
{Heap before GC invocations=33 (full 0):
 garbage-first heap   total reserved 2076672K, committed 122880K, used 107824K [0x0000000081400000, 0x0000000100000000)
  region size 1024K, 34 young (34816K), 3 survivors (3072K)
 Metaspace       used 35663K, committed 36096K, reserved 1114112K
  class space    used 4232K, committed 4416K, reserved 1048576K
}
Event: 361.739 GC heap after
{Heap after GC invocations=34 (full 0):
 garbage-first heap   total reserved 2076672K, committed 122880K, used 74070K [0x0000000081400000, 0x0000000100000000)
  region size 1024K, 4 young (4096K), 4 survivors (4096K)
 Metaspace       used 35663K, committed 36096K, reserved 1114112K
  class space    used 4232K, committed 4416K, reserved 1048576K
}
Event: 369.492 GC heap before
{Heap before GC invocations=34 (full 0):
 garbage-first heap   total reserved 2076672K, committed 122880K, used 107862K [0x0000000081400000, 0x0000000100000000)
  region size 1024K, 37 young (37888K), 4 survivors (4096K)
 Metaspace       used 35730K, committed 36096K, reserved 1114112K
  class space    used 4232K, committed 4416K, reserved 1048576K
}
Event: 369.517 GC heap after
{Heap after GC invocations=35 (full 0):
 garbage-first heap   total reserved 2076672K, committed 122880K, used 81377K [0x0000000081400000, 0x0000000100000000)
  region size 1024K, 5 young (5120K), 5 survivors (5120K)
 Metaspace       used 35730K, committed 36096K, reserved 1114112K
  class space    used 4232K, committed 4416K, reserved 1048576K
}
Event: 402.095 GC heap before
{Heap before GC invocations=36 (full 0):
 garbage-first heap   total reserved 2076672K, committed 137216K, used 108001K [0x0000000081400000, 0x0000000100000000)
  region size 1024K, 31 young (31744K), 5 survivors (5120K)
 Metaspace       used 35774K, committed 36224K, reserved 1114112K
  class space    used 4232K, committed 4416K, reserved 1048576K
}
Event: 402.109 GC heap after
{Heap after GC invocations=37 (full 0):
 garbage-first heap   total reserved 2076672K, committed 137216K, used 83548K [0x0000000081400000, 0x0000000100000000)
  region size 1024K, 3 young (3072K), 3 survivors (3072K)
 Metaspace       used 35774K, committed 36224K, reserved 1114112K
  class space    used 4232K, committed 4416K, reserved 1048576K
}
Event: 450.293 GC heap before
{Heap before GC invocations=37 (full 0):
 garbage-first heap   total reserved 2076672K, committed 137216K, used 121436K [0x0000000081400000, 0x0000000100000000)
  region size 1024K, 39 young (39936K), 3 survivors (3072K)
 Metaspace       used 35860K, committed 36288K, reserved 1114112K
  class space    used 4235K, committed 4416K, reserved 1048576K
}
Event: 450.303 GC heap after
{Heap after GC invocations=38 (full 0):
 garbage-first heap   total reserved 2076672K, committed 137216K, used 87589K [0x0000000081400000, 0x0000000100000000)
  region size 1024K, 5 young (5120K), 5 survivors (5120K)
 Metaspace       used 35860K, committed 36288K, reserved 1114112K
  class space    used 4235K, committed 4416K, reserved 1048576K
}
Event: 519.612 GC heap before
{Heap before GC invocations=38 (full 0):
 garbage-first heap   total reserved 2076672K, committed 137216K, used 98853K [0x0000000081400000, 0x0000000100000000)
  region size 1024K, 17 young (17408K), 5 survivors (5120K)
 Metaspace       used 35874K, committed 36288K, reserved 1114112K
  class space    used 4235K, committed 4416K, reserved 1048576K
}
Event: 519.644 GC heap after
{Heap after GC invocations=39 (full 0):
 garbage-first heap   total reserved 2076672K, committed 137216K, used 90340K [0x0000000081400000, 0x0000000100000000)
  region size 1024K, 4 young (4096K), 4 survivors (4096K)
 Metaspace       used 35874K, committed 36288K, reserved 1114112K
  class space    used 4235K, committed 4416K, reserved 1048576K
}
Event: 536.543 GC heap before
{Heap before GC invocations=40 (full 0):
 garbage-first heap   total reserved 2076672K, committed 153600K, used 121060K [0x0000000081400000, 0x0000000100000000)
  region size 1024K, 33 young (33792K), 4 survivors (4096K)
 Metaspace       used 35928K, committed 36352K, reserved 1114112K
  class space    used 4236K, committed 4416K, reserved 1048576K
}
Event: 536.561 GC heap after
{Heap after GC invocations=41 (full 0):
 garbage-first heap   total reserved 2076672K, committed 153600K, used 96850K [0x0000000081400000, 0x0000000100000000)
  region size 1024K, 5 young (5120K), 5 survivors (5120K)
 Metaspace       used 35928K, committed 36352K, reserved 1114112K
  class space    used 4236K, committed 4416K, reserved 1048576K
}

